handlers.commands 2023-04-23 11:59:23,986 - INFO - State пользователя удалён -- None
handlers.commands 2023-04-23 12:00:32,007 - INFO - State пользователя удалён -- None
handlers.commands 2023-04-23 12:00:41,626 - INFO - State пользователя удалён -- None
TeleBot 2023-04-23 12:02:07,484 - ERROR - Infinity polling: polling exited
TeleBot 2023-04-23 12:02:07,484 - ERROR - Break infinity polling
TeleBot 2023-04-23 12:02:17,928 - ERROR - Infinity polling: polling exited
TeleBot 2023-04-23 12:02:17,928 - ERROR - Break infinity polling
handlers.commands 2023-04-23 12:02:40,554 - INFO - User F started a conversation with the bot
handlers.commands 2023-04-23 12:02:40,778 - INFO - Состояние пользователя - None
services.filters 2023-04-23 12:02:46,530 - INFO - b'"practice"': 5432693304
handlers.callback 2023-04-23 12:02:46,625 - INFO - Состояние пользователя - None
handlers.get_info_from_user 2023-04-23 12:02:50,443 - INFO - Состояние пользователя - None
handlers.commands 2023-04-23 12:03:04,807 - INFO - User F started a conversation with the bot
handlers.commands 2023-04-23 12:03:04,911 - INFO - Состояние пользователя - None
TeleBot 2023-04-23 12:15:18,982 - ERROR - Infinity polling: polling exited
TeleBot 2023-04-23 12:15:18,982 - ERROR - Break infinity polling
handlers.commands 2023-04-23 12:15:28,095 - INFO - User F started a conversation with the bot
handlers.commands 2023-04-23 12:15:28,357 - INFO - Состояние пользователя - None
TeleBot 2023-04-23 12:44:39,704 - ERROR - Infinity polling: polling exited
TeleBot 2023-04-23 12:44:39,704 - ERROR - Break infinity polling
